# JRE version: Java(TM) SE Runtime Environment (8.0_92-b14) (build 1.8.0_92-b14)
# Java VM: Java HotSpot(TM) Client VM (25.92-b14 mixed mode windows-x86 )
Heap:
 def new generation   total 53312K, used 47122K [0x05000000, 0x089d0000, 0x0faa0000)
  eden space 47424K,  94% used [0x05000000, 0x07bc4778, 0x07e50000)
  from space 5888K,  39% used [0x07e50000, 0x080903b0, 0x08410000)
  to   space 5888K,   0% used [0x08410000, 0x08410000, 0x089d0000)
 tenured generation   total 127528K, used 122947K [0x0faa0000, 0x1772a000, 0x25000000)
   the space 127528K,  96% used [0x0faa0000, 0x172b0e98, 0x172b1000, 0x1772a000)
 Metaspace       used 18658K, capacity 19098K, committed 19328K, reserved 19840K
GC Heap History (10 events):
Event: 17659.813 GC heap before
{Heap before GC invocations=375053 (full 66994):
 def new generation   total 53312K, used 47826K [0x05000000, 0x089d0000, 0x0faa0000)
  eden space 47424K,  91% used [0x05000000, 0x07a345b0, 0x07e50000)
  from space 5888K,  78% used [0x08410000, 0x08890550, 0x089d0000)
  to   space 5888K,   0% used [0x07e50000, 0x07e50000, 0x08410000)
 tenured generation   total 118308K, used 113731K [0x0faa0000, 0x16e29000, 0x25000000)
   the space 118308K,  96% used [0x0faa0000, 0x169b0db8, 0x169b0e00, 0x16e29000)
 Metaspace       used 18658K, capacity 19098K, committed 19328K, reserved 19840K
Event: 17659.816 GC heap after
Heap after GC invocations=375054 (full 66994):
 def new generation   total 53312K, used 4796K [0x05000000, 0x089d0000, 0x0faa0000)
  eden space 47424K,   0% used [0x05000000, 0x05000000, 0x07e50000)
  from space 5888K,  81% used [0x07e50000, 0x082ff3b0, 0x08410000)
  to   space 5888K,   0% used [0x08410000, 0x08410000, 0x089d0000)
 tenured generation   total 118308K, used 113731K [0x0faa0000, 0x16e29000, 0x25000000)
   the space 118308K,  96% used [0x0faa0000, 0x169b0f20, 0x169b1000, 0x16e29000)
 Metaspace       used 18658K, capacity 19098K, committed 19328K, reserved 19840K
}
Event: 17659.842 GC heap before
{Heap before GC invocations=375054 (full 66994):
 def new generation   total 53312K, used 52220K [0x05000000, 0x089d0000, 0x0faa0000)
  eden space 47424K, 100% used [0x05000000, 0x07e50000, 0x07e50000)
  from space 5888K,  81% used [0x07e50000, 0x082ff3b0, 0x08410000)
  to   space 5888K,   0% used [0x08410000, 0x08410000, 0x089d0000)
 tenured generation   total 118308K, used 113731K [0x0faa0000, 0x16e29000, 0x25000000)
   the space 118308K,  96% used [0x0faa0000, 0x169b0f20, 0x169b1000, 0x16e29000)
 Metaspace       used 18658K, capacity 19098K, committed 19328K, reserved 19840K
Event: 17659.895 GC heap after
Heap after GC invocations=375055 (full 66995):
 def new generation   total 53312K, used 0K [0x05000000, 0x089d0000, 0x0faa0000)
  eden space 47424K,   0% used [0x05000000, 0x05000000, 0x07e50000)
  from space 5888K,   0% used [0x08410000, 0x08410000, 0x089d0000)
  to   space 5888K,   0% used [0x07e50000, 0x07e50000, 0x08410000)
 tenured generation   total 118308K, used 42471K [0x0faa0000, 0x16e29000, 0x25000000)
   the space 118308K,  35% used [0x0faa0000, 0x12419f48, 0x1241a000, 0x16e29000)
 Metaspace       used 18658K, capacity 19098K, committed 19328K, reserved 19840K
}
Event: 17659.912 GC heap before
{Heap before GC invocations=375055 (full 66995):
 def new generation   total 53312K, used 44636K [0x05000000, 0x089d0000, 0x0faa0000)
  eden space 47424K,  94% used [0x05000000, 0x07b97348, 0x07e50000)
  from space 5888K,   0% used [0x08410000, 0x08410000, 0x089d0000)
  to   space 5888K,   0% used [0x07e50000, 0x07e50000, 0x08410000)
 tenured generation   total 118308K, used 42471K [0x0faa0000, 0x16e29000, 0x25000000)
   the space 118308K,  35% used [0x0faa0000, 0x12419f48, 0x1241a000, 0x16e29000)
 Metaspace       used 18658K, capacity 19098K, committed 19328K, reserved 19840K
Event: 17659.918 GC heap after
Heap after GC invocations=375056 (full 66995):
 def new generation   total 53312K, used 0K [0x05000000, 0x089d0000, 0x0faa0000)
  eden space 47424K,   0% used [0x05000000, 0x05000000, 0x07e50000)
  from space 5888K,   0% used [0x07e50000, 0x07e500b0, 0x08410000)
  to   space 5888K,   0% used [0x08410000, 0x08410000, 0x089d0000)
 tenured generation   total 118308K, used 72073K [0x0faa0000, 0x16e29000, 0x25000000)
   the space 118308K,  60% used [0x0faa0000, 0x14102740, 0x14102800, 0x16e29000)
 Metaspace       used 18658K, capacity 19098K, committed 19328K, reserved 19840K
}
Event: 17659.929 GC heap before
{Heap before GC invocations=375056 (full 66995):
 def new generation   total 53312K, used 42593K [0x05000000, 0x089d0000, 0x0faa0000)
  eden space 47424K,  89% used [0x05000000, 0x07998538, 0x07e50000)
  from space 5888K,   0% used [0x07e50000, 0x07e500b0, 0x08410000)
  to   space 5888K,   0% used [0x08410000, 0x08410000, 0x089d0000)
 tenured generation   total 118308K, used 72073K [0x0faa0000, 0x16e29000, 0x25000000)
   the space 118308K,  60% used [0x0faa0000, 0x14102740, 0x14102800, 0x16e29000)
 Metaspace       used 18658K, capacity 19098K, committed 19328K, reserved 19840K
Event: 17659.935 GC heap after
Heap after GC invocations=375057 (full 66995):
 def new generation   total 53312K, used 0K [0x05000000, 0x089d0000, 0x0faa0000)
  eden space 47424K,   0% used [0x05000000, 0x05000000, 0x07e50000)
  from space 5888K,   0% used [0x08410000, 0x084100b0, 0x089d0000)
  to   space 5888K,   0% used [0x07e50000, 0x07e50000, 0x08410000)
 tenured generation   total 118308K, used 103317K [0x0faa0000, 0x16e29000, 0x25000000)
   the space 118308K,  87% used [0x0faa0000, 0x15f85418, 0x15f85600, 0x16e29000)
 Metaspace       used 18658K, capacity 19098K, committed 19328K, reserved 19840K
}
Event: 17659.957 GC heap before
{Heap before GC invocations=375057 (full 66995):
 def new generation   total 53312K, used 47424K [0x05000000, 0x089d0000, 0x0faa0000)
  eden space 47424K, 100% used [0x05000000, 0x07e50000, 0x07e50000)
  from space 5888K,   0% used [0x08410000, 0x084100b0, 0x089d0000)
  to   space 5888K,   0% used [0x07e50000, 0x07e50000, 0x08410000)
 tenured generation   total 118308K, used 103317K [0x0faa0000, 0x16e29000, 0x25000000)
   the space 118308K,  87% used [0x0faa0000, 0x15f85418, 0x15f85600, 0x16e29000)
 Metaspace       used 18658K, capacity 19098K, committed 19328K, reserved 19840K
Event: 17659.960 GC heap after
Heap after GC invocations=375058 (full 66995):
 def new generation   total 53312K, used 2304K [0x05000000, 0x089d0000, 0x0faa0000)
  eden space 47424K,   0% used [0x05000000, 0x05000000, 0x07e50000)
  from space 5888K,  39% used [0x07e50000, 0x080903b0, 0x08410000)
  to   space 5888K,   0% used [0x08410000, 0x08410000, 0x089d0000)
 tenured generation   total 118308K, used 113731K [0x0faa0000, 0x16e29000, 0x25000000)
   the space 118308K,  96% used [0x0faa0000, 0x169b0e90, 0x169b1000, 0x16e29000)
 Metaspace       used 18658K, capacity 19098K, committed 19328K, reserved 19840K
}

